<?xml version="1.0" encoding="UTF-8"?>
<!-- Generated by org.testng.reporters.JUnitReportReporter -->
<testsuite skipped="0" hostname="DESKTOP-60CIKMS" name="com.moreTabs.MenuTest" tests="3" failures="0" timestamp="28 Sep 2018 05:53:43 GMT" time="18.387" errors="0">
  <testcase name="pageOne" time="2.582" classname="com.moreTabs.MenuTest"/>
  <testcase name="pageTwo" time="2.933" classname="com.moreTabs.MenuTest"/>
  <testcase name="pageThree" time="12.872" classname="com.moreTabs.MenuTest"/>
</testsuite> <!-- com.moreTabs.MenuTest -->
