<?xml version="1.0" encoding="UTF-8"?>
<!-- Generated by org.testng.reporters.JUnitReportReporter -->
<testsuite skipped="0" hostname="DESKTOP-60CIKMS" name="com.sf.test2.PageObjects2a" tests="1" failures="0" timestamp="24 Sep 2018 07:03:32 GMT" time="22.261" errors="0">
  <testcase name="loginPageValues" time="22.261" classname="com.sf.test2.PageObjects2a"/>
</testsuite> <!-- com.sf.test2.PageObjects2a -->
