<?xml version="1.0" encoding="UTF-8"?>
<!-- Generated by org.testng.reporters.JUnitReportReporter -->
<testsuite skipped="0" hostname="DESKTOP-60CIKMS" name="com.moreTabs.AutoCompleteTest" tests="4" failures="0" timestamp="28 Sep 2018 07:17:15 GMT" time="24.216" errors="0">
  <testcase name="loginPage" time="3.185" classname="com.moreTabs.AutoCompleteTest"/>
  <testcase name="MultiplePage" time="2.875" classname="com.moreTabs.AutoCompleteTest"/>
  <testcase name="MenuPage" time="11.650" classname="com.moreTabs.AutoCompleteTest"/>
  <testcase name="autoCompletePage" time="6.506" classname="com.moreTabs.AutoCompleteTest"/>
</testsuite> <!-- com.moreTabs.AutoCompleteTest -->
