<?xml version="1.0" encoding="UTF-8"?>
<!-- Generated by org.testng.reporters.JUnitReportReporter -->
<testsuite skipped="0" hostname="DESKTOP-60CIKMS" name="com.sf.test1.LoginTest" tests="1" failures="0" timestamp="29 Aug 2018 15:29:00 GMT" time="37.930" errors="0">
  <testcase name="initialize" time="37.930" classname="com.sf.test1.LoginTest"/>
</testsuite> <!-- com.sf.test1.LoginTest -->
