<?xml version="1.0" encoding="UTF-8"?>
<!-- Generated by org.testng.reporters.JUnitReportReporter -->
<testsuite skipped="0" hostname="DESKTOP-60CIKMS" name="com.moreTabs.LoginTest" tests="1" failures="0" timestamp="01 Oct 2018 04:21:21 GMT" time="18.910" errors="0">
  <testcase name="loginData" time="18.910" classname="com.moreTabs.LoginTest"/>
</testsuite> <!-- com.moreTabs.LoginTest -->
