<?xml version="1.0" encoding="UTF-8"?>
<!-- Generated by org.testng.reporters.JUnitReportReporter -->
<testsuite skipped="0" hostname="DESKTOP-60CIKMS" name="excelData.ReadData" tests="1" failures="0" timestamp="27 Sep 2018 15:26:23 GMT" time="0.154" errors="0">
  <testcase name="excelRead" time="0.154" classname="excelData.ReadData"/>
</testsuite> <!-- excelData.ReadData -->
