<?xml version="1.0" encoding="UTF-8"?>
<!-- Generated by org.testng.reporters.JUnitReportReporter -->
<testsuite skipped="0" hostname="DESKTOP-60CIKMS" name="com.moreTabs.Login" tests="1" failures="0" timestamp="04 Sep 2018 08:52:47 GMT" time="5.327" errors="0">
  <testcase name="testBed" time="5.327" classname="com.moreTabs.Login"/>
</testsuite> <!-- com.moreTabs.Login -->
