<?xml version="1.0" encoding="UTF-8"?>
<!-- Generated by org.testng.reporters.JUnitReportReporter -->
<testsuite skipped="0" hostname="DESKTOP-60CIKMS" name="com.moreTabs.Hover" tests="1" failures="0" timestamp="24 Sep 2018 08:06:21 GMT" time="10.083" errors="0">
  <testcase name="setUp" time="10.083" classname="com.moreTabs.Hover"/>
</testsuite> <!-- com.moreTabs.Hover -->
