<?xml version="1.0" encoding="UTF-8"?>
<!-- Generated by org.testng.reporters.JUnitReportReporter -->
<testsuite skipped="0" hostname="DESKTOP-60CIKMS" name="com.sf.test2.PageObject2" tests="1" failures="0" timestamp="28 Aug 2018 05:45:21 GMT" time="7.500" errors="0">
  <testcase name="loginBrowser" time="7.500" classname="com.sf.test2.PageObject2"/>
</testsuite> <!-- com.sf.test2.PageObject2 -->
