<?xml version="1.0" encoding="UTF-8"?>
<!-- Generated by org.testng.reporters.JUnitReportReporter -->
<testsuite skipped="0" hostname="DESKTOP-60CIKMS" name="com.sf.test2.MagnusTestNgCases" tests="4" failures="0" timestamp="30 Aug 2018 09:07:31 GMT" time="7.143" errors="0">
  <testcase name="admin" time="0.821" classname="com.sf.test2.MagnusTestNgCases"/>
  <testcase name="studentDetails" time="4.620" classname="com.sf.test2.MagnusTestNgCases"/>
  <testcase name="student" time="0.612" classname="com.sf.test2.MagnusTestNgCases"/>
  <testcase name="loginDetails" time="1.090" classname="com.sf.test2.MagnusTestNgCases"/>
</testsuite> <!-- com.sf.test2.MagnusTestNgCases -->
