<?xml version="1.0" encoding="UTF-8"?>
<!-- Generated by org.testng.reporters.JUnitReportReporter -->
<testsuite skipped="0" hostname="DESKTOP-60CIKMS" name="com.moreTabs.SetUp" tests="1" failures="0" timestamp="03 Sep 2018 16:45:30 GMT" time="41.582" errors="0">
  <testcase name="testBed" time="41.582" classname="com.moreTabs.SetUp"/>
</testsuite> <!-- com.moreTabs.SetUp -->
