<?xml version="1.0" encoding="UTF-8"?>
<!-- Generated by org.testng.reporters.JUnitReportReporter -->
<testsuite skipped="0" hostname="DESKTOP-60CIKMS" name="com.moreTabs.MenuClick" tests="1" failures="0" timestamp="22 Sep 2018 06:16:31 GMT" time="6.563" errors="0">
  <testcase name="menuClicks" time="6.563" classname="com.moreTabs.MenuClick"/>
</testsuite> <!-- com.moreTabs.MenuClick -->
