<?xml version="1.0" encoding="UTF-8"?>
<!-- Generated by org.testng.reporters.JUnitReportReporter -->
<testsuite skipped="0" hostname="DESKTOP-60CIKMS" name="com.sf.test2.MagnusXml" tests="1" failures="0" timestamp="29 Sep 2018 05:29:16 GMT" time="11.770" errors="0">
  <testcase name="tetsXml" time="11.770" classname="com.sf.test2.MagnusXml"/>
</testsuite> <!-- com.sf.test2.MagnusXml -->
